# JRE version: OpenJDK Runtime Environment (8.0_152-b01) (build 1.8.0_152-release-1024-b01)
# Java VM: OpenJDK 64-Bit Server VM (25.152-b01 mixed mode linux-amd64 compressed oops)
Heap:
 PSYoungGen      total 178688K, used 13299K [0x00000000e0000000, 0x00000000ec500000, 0x0000000100000000)
  eden space 165376K, 0% used [0x00000000e0000000,0x00000000e0000000,0x00000000ea180000)
  from space 13312K, 99% used [0x00000000eab00000,0x00000000eb7fcd98,0x00000000eb800000)
  to   space 11776K, 0% used [0x00000000eb980000,0x00000000eb980000,0x00000000ec500000)
 ParOldGen       total 48640K, used 29874K [0x00000000a0000000, 0x00000000a2f80000, 0x00000000e0000000)
  object space 48640K, 61% used [0x00000000a0000000,0x00000000a1d2c8a0,0x00000000a2f80000)
 Metaspace       used 53135K, capacity 54754K, committed 54872K, reserved 1095680K
  class space    used 7339K, capacity 7748K, committed 7808K, reserved 1048576K
GC Heap History (10 events):
Event: 32.398 GC heap after
Heap after GC invocations=8 (full 1):
 PSYoungGen      total 67584K, used 0K [0x00000000e0000000, 0x00000000e8600000, 0x0000000100000000)
  eden space 60928K, 0% used [0x00000000e0000000,0x00000000e0000000,0x00000000e3b80000)
  from space 6656K, 0% used [0x00000000e3b80000,0x00000000e3b80000,0x00000000e4200000)
  to   space 7680K, 0% used [0x00000000e7e80000,0x00000000e7e80000,0x00000000e8600000)
 ParOldGen       total 31744K, used 10841K [0x00000000a0000000, 0x00000000a1f00000, 0x00000000e0000000)
  object space 31744K, 34% used [0x00000000a0000000,0x00000000a0a96500,0x00000000a1f00000)
 Metaspace       used 20707K, capacity 21058K, committed 21248K, reserved 1067008K
  class space    used 2895K, capacity 3037K, committed 3072K, reserved 1048576K
}
Event: 34.950 GC heap before
{Heap before GC invocations=9 (full 1):
 PSYoungGen      total 67584K, used 60928K [0x00000000e0000000, 0x00000000e8600000, 0x0000000100000000)
  eden space 60928K, 100% used [0x00000000e0000000,0x00000000e3b80000,0x00000000e3b80000)
  from space 6656K, 0% used [0x00000000e3b80000,0x00000000e3b80000,0x00000000e4200000)
  to   space 7680K, 0% used [0x00000000e7e80000,0x00000000e7e80000,0x00000000e8600000)
 ParOldGen       total 31744K, used 10841K [0x00000000a0000000, 0x00000000a1f00000, 0x00000000e0000000)
  object space 31744K, 34% used [0x00000000a0000000,0x00000000a0a96500,0x00000000a1f00000)
 Metaspace       used 26177K, capacity 26620K, committed 26880K, reserved 1073152K
  class space    used 3598K, capacity 3794K, committed 3840K, reserved 1048576K
Event: 34.967 GC heap after
Heap after GC invocations=9 (full 1):
 PSYoungGen      total 123392K, used 6813K [0x00000000e0000000, 0x00000000e8580000, 0x0000000100000000)
  eden space 116224K, 0% used [0x00000000e0000000,0x00000000e0000000,0x00000000e7180000)
  from space 7168K, 95% used [0x00000000e7e80000,0x00000000e85277c0,0x00000000e8580000)
  to   space 8192K, 0% used [0x00000000e7580000,0x00000000e7580000,0x00000000e7d80000)
 ParOldGen       total 31744K, used 10849K [0x00000000a0000000, 0x00000000a1f00000, 0x00000000e0000000)
  object space 31744K, 34% used [0x00000000a0000000,0x00000000a0a98500,0x00000000a1f00000)
 Metaspace       used 26177K, capacity 26620K, committed 26880K, reserved 1073152K
  class space    used 3598K, capacity 3794K, committed 3840K, reserved 1048576K
}
Event: 50.979 GC heap before
{Heap before GC invocations=10 (full 1):
 PSYoungGen      total 123392K, used 105364K [0x00000000e0000000, 0x00000000e8580000, 0x0000000100000000)
  eden space 116224K, 84% used [0x00000000e0000000,0x00000000e603dac8,0x00000000e7180000)
  from space 7168K, 95% used [0x00000000e7e80000,0x00000000e85277c0,0x00000000e8580000)
  to   space 8192K, 0% used [0x00000000e7580000,0x00000000e7580000,0x00000000e7d80000)
 ParOldGen       total 31744K, used 10849K [0x00000000a0000000, 0x00000000a1f00000, 0x00000000e0000000)
  object space 31744K, 34% used [0x00000000a0000000,0x00000000a0a98500,0x00000000a1f00000)
 Metaspace       used 34695K, capacity 35232K, committed 35416K, reserved 1079296K
  class space    used 4778K, capacity 4966K, committed 4992K, reserved 1048576K
Event: 51.037 GC heap after
Heap after GC invocations=10 (full 1):
 PSYoungGen      total 128512K, used 8179K [0x00000000e0000000, 0x00000000ec500000, 0x0000000100000000)
  eden space 120320K, 0% used [0x00000000e0000000,0x00000000e0000000,0x00000000e7580000)
  from space 8192K, 99% used [0x00000000e7580000,0x00000000e7d7cfd0,0x00000000e7d80000)
  to   space 11776K, 0% used [0x00000000eb980000,0x00000000eb980000,0x00000000ec500000)
 ParOldGen       total 31744K, used 16311K [0x00000000a0000000, 0x00000000a1f00000, 0x00000000e0000000)
  object space 31744K, 51% used [0x00000000a0000000,0x00000000a0fedd78,0x00000000a1f00000)
 Metaspace       used 34695K, capacity 35232K, committed 35416K, reserved 1079296K
  class space    used 4778K, capacity 4966K, committed 4992K, reserved 1048576K
}
Event: 51.037 GC heap before
{Heap before GC invocations=11 (full 2):
 PSYoungGen      total 128512K, used 8179K [0x00000000e0000000, 0x00000000ec500000, 0x0000000100000000)
  eden space 120320K, 0% used [0x00000000e0000000,0x00000000e0000000,0x00000000e7580000)
  from space 8192K, 99% used [0x00000000e7580000,0x00000000e7d7cfd0,0x00000000e7d80000)
  to   space 11776K, 0% used [0x00000000eb980000,0x00000000eb980000,0x00000000ec500000)
 ParOldGen       total 31744K, used 16311K [0x00000000a0000000, 0x00000000a1f00000, 0x00000000e0000000)
  object space 31744K, 51% used [0x00000000a0000000,0x00000000a0fedd78,0x00000000a1f00000)
 Metaspace       used 34695K, capacity 35232K, committed 35416K, reserved 1079296K
  class space    used 4778K, capacity 4966K, committed 4992K, reserved 1048576K
Event: 51.287 GC heap after
Heap after GC invocations=11 (full 2):
 PSYoungGen      total 128512K, used 0K [0x00000000e0000000, 0x00000000ec500000, 0x0000000100000000)
  eden space 120320K, 0% used [0x00000000e0000000,0x00000000e0000000,0x00000000e7580000)
  from space 8192K, 0% used [0x00000000e7580000,0x00000000e7580000,0x00000000e7d80000)
  to   space 11776K, 0% used [0x00000000eb980000,0x00000000eb980000,0x00000000ec500000)
 ParOldGen       total 48640K, used 20107K [0x00000000a0000000, 0x00000000a2f80000, 0x00000000e0000000)
  object space 48640K, 41% used [0x00000000a0000000,0x00000000a13a2c58,0x00000000a2f80000)
 Metaspace       used 34695K, capacity 35232K, committed 35416K, reserved 1079296K
  class space    used 4778K, capacity 4966K, committed 4992K, reserved 1048576K
}
Event: 66.819 GC heap before
{Heap before GC invocations=12 (full 2):
 PSYoungGen      total 128512K, used 120320K [0x00000000e0000000, 0x00000000ec500000, 0x0000000100000000)
  eden space 120320K, 100% used [0x00000000e0000000,0x00000000e7580000,0x00000000e7580000)
  from space 8192K, 0% used [0x00000000e7580000,0x00000000e7580000,0x00000000e7d80000)
  to   space 11776K, 0% used [0x00000000eb980000,0x00000000eb980000,0x00000000ec500000)
 ParOldGen       total 48640K, used 20107K [0x00000000a0000000, 0x00000000a2f80000, 0x00000000e0000000)
  object space 48640K, 41% used [0x00000000a0000000,0x00000000a13a2c58,0x00000000a2f80000)
 Metaspace       used 41823K, capacity 42782K, committed 43224K, reserved 1087488K
  class space    used 5736K, capacity 6034K, committed 6144K, reserved 1048576K
Event: 66.947 GC heap after
Heap after GC invocations=12 (full 2):
 PSYoungGen      total 177152K, used 11756K [0x00000000e0000000, 0x00000000ec500000, 0x0000000100000000)
  eden space 165376K, 0% used [0x00000000e0000000,0x00000000e0000000,0x00000000ea180000)
  from space 11776K, 99% used [0x00000000eb980000,0x00000000ec4fb2d8,0x00000000ec500000)
  to   space 13312K, 0% used [0x00000000eab00000,0x00000000eab00000,0x00000000eb800000)
 ParOldGen       total 48640K, used 20996K [0x00000000a0000000, 0x00000000a2f80000, 0x00000000e0000000)
  object space 48640K, 43% used [0x00000000a0000000,0x00000000a1481170,0x00000000a2f80000)
 Metaspace       used 41823K, capacity 42782K, committed 43224K, reserved 1087488K
  class space    used 5736K, capacity 6034K, committed 6144K, reserved 1048576K
}
Event: 85.658 GC heap before
{Heap before GC invocations=13 (full 2):
 PSYoungGen      total 177152K, used 177132K [0x00000000e0000000, 0x00000000ec500000, 0x0000000100000000)
  eden space 165376K, 100% used [0x00000000e0000000,0x00000000ea180000,0x00000000ea180000)
  from space 11776K, 99% used [0x00000000eb980000,0x00000000ec4fb2d8,0x00000000ec500000)
  to   space 13312K, 0% used [0x00000000eab00000,0x00000000eab00000,0x00000000eb800000)
 ParOldGen       total 48640K, used 20996K [0x00000000a0000000, 0x00000000a2f80000, 0x00000000e0000000)
  object space 48640K, 43% used [0x00000000a0000000,0x00000000a1481170,0x00000000a2f80000)
 Metaspace       used 53135K, capacity 54754K, committed 54872K, reserved 1095680K
  class space    used 7339K, capacity 7748K, committed 7808K, reserved 1048576K

